0 info it worked if it ends with ok
1 verbose cli [ 'D:\\Program Files\\nodejs\\\\node.exe',
1 verbose cli   'D:\\Program Files\\nodejs\\node_modules\\npm\\bin\\npm-cli.js',
1 verbose cli   'install',
1 verbose cli   '-g',
1 verbose cli   'jquery-ui' ]
2 info using npm@1.3.8
3 info using node@v0.10.18
4 verbose node symlink D:\Program Files\nodejs\\node.exe
5 verbose cache add [ 'jquery-ui', null ]
6 verbose cache add name=undefined spec="jquery-ui" args=["jquery-ui",null]
7 verbose parsed url { protocol: null,
7 verbose parsed url   slashes: null,
7 verbose parsed url   auth: null,
7 verbose parsed url   host: null,
7 verbose parsed url   port: null,
7 verbose parsed url   hostname: null,
7 verbose parsed url   hash: null,
7 verbose parsed url   search: null,
7 verbose parsed url   query: null,
7 verbose parsed url   pathname: 'jquery-ui',
7 verbose parsed url   path: 'jquery-ui',
7 verbose parsed url   href: 'jquery-ui' }
8 silly lockFile 54d470e0-jquery-ui jquery-ui
9 verbose lock jquery-ui C:\Users\LXM\AppData\Roaming\npm-cache\54d470e0-jquery-ui.lock
10 silly lockFile 54d470e0-jquery-ui jquery-ui
11 silly lockFile 54d470e0-jquery-ui jquery-ui
12 verbose addNamed [ 'jquery-ui', '' ]
13 verbose addNamed [ null, '*' ]
14 silly lockFile b7077c0a-jquery-ui jquery-ui@
15 verbose lock jquery-ui@ C:\Users\LXM\AppData\Roaming\npm-cache\b7077c0a-jquery-ui.lock
16 silly addNameRange { name: 'jquery-ui', range: '*', hasData: false }
17 verbose url raw jquery-ui
18 verbose url resolving [ 'https://registry.npmjs.org/', './jquery-ui' ]
19 verbose url resolved https://registry.npmjs.org/jquery-ui
20 info trying registry request attempt 1 at 21:04:47
21 http GET https://registry.npmjs.org/jquery-ui
22 http 404 https://registry.npmjs.org/jquery-ui
23 silly registry.get cb [ 404,
23 silly registry.get   { server: 'CouchDB/1.5.0 (Erlang OTP/R15B03)',
23 silly registry.get     date: 'Mon, 23 Dec 2013 13:04:48 GMT',
23 silly registry.get     'content-type': 'application/json',
23 silly registry.get     'content-length': '52',
23 silly registry.get     'cache-control': 'must-revalidate' } ]
24 silly lockFile b7077c0a-jquery-ui jquery-ui@
25 silly lockFile b7077c0a-jquery-ui jquery-ui@
26 error 404 'jquery-ui' is not in the npm registry.
26 error 404 You should bug the author to publish it
26 error 404
26 error 404 Note that you can also install from a
26 error 404 tarball, folder, or http url, or git url.
27 error System Windows_NT 6.2.9200
28 error command "D:\\Program Files\\nodejs\\\\node.exe" "D:\\Program Files\\nodejs\\node_modules\\npm\\bin\\npm-cli.js" "install" "-g" "jquery-ui"
29 error cwd D:\WWW\Web\woo\app\orderdetail
30 error node -v v0.10.18
31 error npm -v 1.3.8
32 error code E404
33 verbose exit [ 1, true ]
